 Beta activation of the GRPC server.

 Ansys Mechanical Enterprise Academic Student      


 *------------------------------------------------------------------*
 |                                                                  |
 |   W E L C O M E   T O   T H E   A N S Y S (R)  P R O G R A M     |
 |                                                                  |
 *------------------------------------------------------------------*




 ***************************************************************
 *         ANSYS MAPDL 2025 R1          LEGAL NOTICES          *
 ***************************************************************
 *                                                             *
 * Copyright 1971-2025 Ansys, Inc.  All rights reserved.       *
 * Unauthorized use, distribution or duplication is            *
 * prohibited.                                                 *
 *                                                             *
 * Ansys is a registered trademark of Ansys, Inc. or its       *
 * subsidiaries in the United States or other countries.       *
 * See the Ansys, Inc. online documentation or the Ansys, Inc. *
 * documentation CD or online help for the complete Legal      *
 * Notice.                                                     *
 *                                                             *
 ***************************************************************
 *                                                             *
 * THIS ANSYS SOFTWARE PRODUCT AND PROGRAM DOCUMENTATION       *
 * INCLUDE TRADE SECRETS AND CONFIDENTIAL AND PROPRIETARY      *
 * PRODUCTS OF ANSYS, INC., ITS SUBSIDIARIES, OR LICENSORS.    *
 * The software products and documentation are furnished by    *
 * Ansys, Inc. or its subsidiaries under a software license    *
 * agreement that contains provisions concerning               *
 * non-disclosure, copying, length and nature of use,          *
 * compliance with exporting laws, warranties, disclaimers,    *
 * limitations of liability, and remedies, and other           *
 * provisions.  The software products and documentation may be *
 * used, disclosed, transferred, or copied only in accordance  *
 * with the terms and conditions of that software license      *
 * agreement.                                                  *
 *                                                             *
 * Ansys, Inc. is a UL registered                              *
 * ISO 9001:2015 company.                                      *
 *                                                             *
 ***************************************************************
 *                                                             *
 * This product is subject to U.S. laws governing export and   *
 * re-export.                                                  *
 *                                                             *
 * For U.S. Government users, except as specifically granted   *
 * by the Ansys, Inc. software license agreement, the use,     *
 * duplication, or disclosure by the United States Government  *
 * is subject to restrictions stated in the Ansys, Inc.        *
 * software license agreement and FAR 12.212 (for non-DOD      *
 * licenses).                                                  *
 *                                                             *
 ***************************************************************

 2025 R1 
     
 Point Releases and Patches installed:   
     
 Ansys Service Pack 2025 R1.01   
 Discovery (full install) 2025 R1.01 
 Core WB Files 2025 R1.01
 Ansys Dynamic Reporting 2025 R1.01  
 CFX (includes CFD-Post) 2025 R1.01  
 Chemkin 2025 R1.01  
 EnSight 2025 R1.01  
 FENSAP-ICE 2025 R1.01   
 Fluent (includes CFD-Post) 2025 R1.01   
 Polyflow (includes CFD-Post) 2025 R1.01 
 Forte (includes EnSight) 2025 R1.01 
 Rocky 2025 R1.01
 TurboGrid 2025 R1.01
 ACIS Geometry Interface 2025 R1.01  
 AutoCAD Geometry Interface 2025 R1.01   
 Catia, Version 4 Geometry Interface 2025 R1.01  
 Catia, Version 5 Geometry Interface 2025 R1.01  
 Catia, Version 6 Geometry Interface 2025 R1.01  
 Creo Elements/Direct Modeling Geometry Interface 2025 R1.01 
 Creo Parametric Geometry Interface 2025 R1.01   
 Inventor Geometry Interface 2025 R1.01  
 JTOpen Geometry Interface 2025 R1.01
 NX Geometry Interface 2025 R1.01
 Parasolid Geometry Interface  2025 R1.01
 Solid Edge Geometry Interface 2025 R1.01
 SOLIDWORKS Geometry Interface 2025 R1.01
 Speos 2025 R1.01
 SpaceClaim 2025 R1.01   
 Speos RPC 2025 R1.01
 Aqwa 2025 R1.01 
 Autodyn 2025 R1.01  
 Material Calibration App 2025 R1.01 
 Mechanical Products 2025 R1.01  
 Motion 2025 R1.01   
 Academic Student 2025 R1.01 


          *****  MAPDL COMMAND LINE ARGUMENTS  *****
  INITIAL JOBNAME              = file                                                                                                                                                                                                                                                    
  BATCH MODE REQUESTED (-b)    = LIST
  INPUT FILE COPY MODE (-c)    = COPY
  SHARED MEMORY PARALLEL REQUESTED
    SINGLE PROCESS WITH   2 THREADS REQUESTED
    TOTAL OF     2 CORES REQUESTED
  INPUT FILE NAME              = C:\Users\damia\OneDrive\Desktop\drive\School Vault\RIT\Research\Ansys\MAPDL_FILES\.__tmp__.inp
  OUTPUT FILE NAME             = C:\Users\damia\OneDrive\Desktop\drive\School Vault\RIT\Research\Ansys\MAPDL_FILES\.__tmp__.out
  MEMORY REQUESTED (MB)        = 12000       

 PARAMETER STATUS-           (   1 PARAMETERS DEFINED)

 NAME                              VALUE                        TYPE
 PORT                              50052.0000                    SCALAR

 RELEASE= 2025 R1              BUILD= 25.1      UP20241202   VERSION=WINDOWS x64 
 CURRENT JOBNAME=file  23:48:07  APR 29, 2025 CP=      0.031

     1  FINISH 

 RUN SETUP PROCEDURE FROM FILE= C:\Program Files\ANSYS Inc\ANSYS Student\v251\ANSYS\apdl\start.ans
 Start GRPC Server

 ##############################
 ### START GRPC SERVER      ###
 ##############################

 Server Executable   : MapdlGrpc.Server
 Server listening on : 0.0.0.0:50052

 /OUTPUT FILE= anstmp

 /OUTPUT FILE= anstmp

 /OUTPUT FILE=         
   *****MAPDL VERIFICATION RUN ONLY*****
     DO NOT USE RESULTS FOR PRODUCTION


          ***** TIME-HISTORY POSTPROCESSOR (POST26) *****

 ALL POST26 SPECIFICATIONS ARE RESET TO INITIAL DEFAULTS

 *** NOTE ***                            CP =       0.000   TIME= 00:00:00
 Geometry is not available.  Issue RESUME to restore database.           

 *** WARNING ***                         CP =       0.000   TIME= 00:00:00
 The geometry is not available.  Issue the RESUME command to restore the 
 database.  The NUMVAR command is ignored.                               


 ***** ROUTINE COMPLETED *****  CP =         0.000



 /OUTPUT FILE=         

 /OUTPUT FILE=         

 /OUTPUT FILE=         

 /OUTPUT FILE=         

 /OUTPUT FILE=         

 /OUTPUT FILE=         

 /OUTPUT FILE=         

 /OUTPUT FILE=         

 /OUTPUT FILE=         

 /OUTPUT FILE=         

 /OUTPUT FILE=         

 PARAMETER __TMPVAR__ =     1.000000000    

 /OUTPUT FILE=         

 /OUTPUT FILE=         

 DEFINITION OF COMPONENT = __CMP_KPBDRWJ__  ENTITY=KP  

 DEFINITION OF COMPONENT = __CMP_LINEBDRWJ__  ENTITY=LINE

 DEFINITION OF COMPONENT = __CMP_AREABDRWJ__  ENTITY=AREA

 DEFINITION OF COMPONENT = __CMP_VOLUBDRWJ__  ENTITY=VOLU

 DEFINITION OF COMPONENT = __CMP_NODEBDRWJ__  ENTITY=NODE

 DEFINITION OF COMPONENT = __CMP_ELEMBDRWJ__  ENTITY=ELEM

 SELECT      ALL NODES HAVING ANY ELEMENT IN ELEMENT SET.

       2720 NODES (OF       2720  DEFINED) SELECTED FROM
      450 SELECTED ELEMENTS BY NSLE COMMAND.

 VECTOR GET OPERATION  _MYVGET_  VECTOR LENGTH=    2720
 NAME= NODE         0  NLIS      

 PARAMETER __TMPVAR__ =     1.000000000    

 /OUTPUT FILE=         

 VECTOR GET OPERATION  _MYVGET_  VECTOR LENGTH=     450
 NAME= ELEM         0  ELIS      

 VECTOR GET OPERATION  _MYVGET_  VECTOR LENGTH=    2720
 NAME= NODE         0  NLIS      

 /OUTPUT FILE=         

 /OUTPUT FILE=         

 ALSO SELECT COMPONENT __CMP_KPBDRWJ__                                                                                                                                                                                                                                                 

        8  KEYPOINTS (OF        8  DEFINED) SELECTED BY  KSEL  COMMAND.

 PARAMETER __TMPVAR__ =     1.000000000    

 /OUTPUT FILE=         

 VECTOR GET OPERATION  _MYVGET_  VECTOR LENGTH=       8
 NAME= KP           0  KLIS      

 DELETE COMPONENT __CMP_KPBDRWJ__                                                                                                                                                                                                                                                 

 ALSO SELECT COMPONENT __CMP_LINEBDRWJ__                                                                                                                                                                                                                                               

       12  LINES (OF       12  DEFINED) SELECTED BY  LSEL  COMMAND.

 PARAMETER __TMPVAR__ =     1.000000000    

 /OUTPUT FILE=         

 VECTOR GET OPERATION  _MYVGET_  VECTOR LENGTH=      12
 NAME= LINE         0  LLIS      

 PARAMETER __TMPVAR__ =     1.000000000    

 /OUTPUT FILE=         

 DELETE COMPONENT __CMP_LINEBDRWJ__                                                                                                                                                                                                                                               

 ALSO SELECT COMPONENT __CMP_AREABDRWJ__                                                                                                                                                                                                                                               

        6  AREAS (OF        6  DEFINED) SELECTED BY  ASEL  COMMAND.

 PARAMETER __TMPVAR__ =     1.000000000    

 /OUTPUT FILE=         

 VECTOR GET OPERATION  _MYVGET_  VECTOR LENGTH=       6
 NAME= AREA         0  ALIS      

 DELETE COMPONENT __CMP_AREABDRWJ__                                                                                                                                                                                                                                               

 ALSO SELECT COMPONENT __CMP_VOLUBDRWJ__                                                                                                                                                                                                                                               

        1  VOLUMES (OF        1  DEFINED) SELECTED BY  VSEL  COMMAND.

 PARAMETER __TMPVAR__ =     1.000000000    

 /OUTPUT FILE=         

 VECTOR GET OPERATION  _MYVGET_  VECTOR LENGTH=       1
 NAME= VOLU         0  VLIS      

 DELETE COMPONENT __CMP_VOLUBDRWJ__                                                                                                                                                                                                                                               

 ALSO SELECT COMPONENT __CMP_NODEBDRWJ__                                                                                                                                                                                                                                               

       2720  NODES (OF       2720  DEFINED) SELECTED BY  NSEL  COMMAND.

 DELETE COMPONENT __CMP_NODEBDRWJ__                                                                                                                                                                                                                                               

 ALSO SELECT COMPONENT __CMP_ELEMBDRWJ__                                                                                                                                                                                                                                               

        450  ELEMENTS (OF        450  DEFINED) SELECTED BY  ESEL  COMMAND.

 DELETE COMPONENT __CMP_ELEMBDRWJ__                                                                                                                                                                                                                                               

 SELECT ALL ENTITIES OF TYPE= ALL  AND BELOW

 /OUTPUT FILE=         

 VECTOR GET OPERATION  _MYVGET_  VECTOR LENGTH=    2720
 NAME= NODE         0  NLIS      

 /OUTPUT FILE=         

 VECTOR GET OPERATION  _MYVGET_  VECTOR LENGTH=    2720
 NAME= NODE         0  NLIS      

 /OUTPUT FILE=         

 /OUTPUT FILE=         

 VECTOR GET OPERATION  _MYVGET_  VECTOR LENGTH=    2720
 NAME= NODE         0  NLIS      

 /OUTPUT FILE=         

 VECTOR GET OPERATION  _MYVGET_  VECTOR LENGTH=    2720
 NAME= NODE         0  NLIS      

 /OUTPUT FILE=         

 /OUTPUT FILE=         

 /OUTPUT FILE=         

 /OUTPUT FILE=         

 /OUTPUT FILE=         

 /OUTPUT FILE=         

 /OUTPUT FILE=         

 /OUTPUT FILE=         

 /OUTPUT FILE=         

 SELECT ALL ENTITIES OF TYPE= ALL  AND BELOW

 /OUTPUT FILE=         

 VECTOR GET OPERATION  _MYVGET_  VECTOR LENGTH=    2720
 NAME= NODE         0  NLIS      

 /OUTPUT FILE=         

 VECTOR GET OPERATION  _MYVGET_  VECTOR LENGTH=    2720
 NAME= NODE         0  NLIS      

 /OUTPUT FILE=         

 /OUTPUT FILE=         

 VECTOR GET OPERATION  _MYVGET_  VECTOR LENGTH=    2720
 NAME= NODE         0  NLIS      

 *** WARNING ***                         CP =       0.000   TIME= 00:00:00
 For array parameter _MYVGET_ the dimension number 1 is 0.  All          
 dimensions must be greater than zero.  The value is set to 1.           

 /OUTPUT FILE=         

 VECTOR GET OPERATION  _MYVGET_  VECTOR LENGTH=    2720
 NAME= NODE         0  NLIS      

 *** WARNING ***                         CP =       0.000   TIME= 00:00:00
 For array parameter _MYVGET_ the dimension number 1 is 0.  All          
 dimensions must be greater than zero.  The value is set to 1.           

 /OUTPUT FILE=         

 /OUTPUT FILE=         

 /OUTPUT FILE=         

 /OUTPUT FILE=         

 /OUTPUT FILE=         

 /OUTPUT FILE=         

 SELECT ALL ENTITIES OF TYPE= ALL  AND BELOW

 /OUTPUT FILE=         

 VECTOR GET OPERATION  _MYVGET_  VECTOR LENGTH=    2720
 NAME= NODE         0  NLIS      

 /OUTPUT FILE=         

 VECTOR GET OPERATION  _MYVGET_  VECTOR LENGTH=    2720
 NAME= NODE         0  NLIS      

 /OUTPUT FILE=         

 /OUTPUT FILE=         

 VECTOR GET OPERATION  _MYVGET_  VECTOR LENGTH=    2720
 NAME= NODE         0  NLIS      

 *** WARNING ***                         CP =       0.000   TIME= 00:00:00
 For array parameter _MYVGET_ the dimension number 1 is 0.  All          
 dimensions must be greater than zero.  The value is set to 1.           

 /OUTPUT FILE=         

 VECTOR GET OPERATION  _MYVGET_  VECTOR LENGTH=    2720
 NAME= NODE         0  NLIS      

 *** WARNING ***                         CP =       0.000   TIME= 00:00:00
 For array parameter _MYVGET_ the dimension number 1 is 0.  All          
 dimensions must be greater than zero.  The value is set to 1.           

 /OUTPUT FILE=         

 /OUTPUT FILE=         

 /OUTPUT FILE=         

 /OUTPUT FILE=         

 /OUTPUT FILE=         

 /OUTPUT FILE=         

 SELECT ALL ENTITIES OF TYPE= ALL  AND BELOW

 /OUTPUT FILE=         

 VECTOR GET OPERATION  _MYVGET_  VECTOR LENGTH=    2720
 NAME= NODE         0  NLIS      

 /OUTPUT FILE=         

 VECTOR GET OPERATION  _MYVGET_  VECTOR LENGTH=    2720
 NAME= NODE         0  NLIS      

 /OUTPUT FILE=         

 /OUTPUT FILE=         

 VECTOR GET OPERATION  _MYVGET_  VECTOR LENGTH=    2720
 NAME= NODE         0  NLIS      

 *** WARNING ***                         CP =       0.000   TIME= 00:00:00
 For array parameter _MYVGET_ the dimension number 1 is 0.  All          
 dimensions must be greater than zero.  The value is set to 1.           

 /OUTPUT FILE=         

 VECTOR GET OPERATION  _MYVGET_  VECTOR LENGTH=    2720
 NAME= NODE         0  NLIS      

 *** WARNING ***                         CP =       0.000   TIME= 00:00:00
 For array parameter _MYVGET_ the dimension number 1 is 0.  All          
 dimensions must be greater than zero.  The value is set to 1.           

 /OUTPUT FILE=         

 /OUTPUT FILE=         

 /OUTPUT FILE=         

 /OUTPUT FILE=         

 /OUTPUT FILE=         

 /OUTPUT FILE=         

 SELECT ALL ENTITIES OF TYPE= ALL  AND BELOW

 /OUTPUT FILE=         

 VECTOR GET OPERATION  _MYVGET_  VECTOR LENGTH=    2720
 NAME= NODE         0  NLIS      

 /OUTPUT FILE=         

 VECTOR GET OPERATION  _MYVGET_  VECTOR LENGTH=    2720
 NAME= NODE         0  NLIS      

 /OUTPUT FILE=         

 /OUTPUT FILE=         

 VECTOR GET OPERATION  _MYVGET_  VECTOR LENGTH=    2720
 NAME= NODE         0  NLIS      

 *** WARNING ***                         CP =       0.000   TIME= 00:00:00
 For array parameter _MYVGET_ the dimension number 1 is 0.  All          
 dimensions must be greater than zero.  The value is set to 1.           

 /OUTPUT FILE=         

 VECTOR GET OPERATION  _MYVGET_  VECTOR LENGTH=    2720
 NAME= NODE         0  NLIS      

 *** WARNING ***                         CP =       0.000   TIME= 00:00:00
 For array parameter _MYVGET_ the dimension number 1 is 0.  All          
 dimensions must be greater than zero.  The value is set to 1.           

 /OUTPUT FILE=         

 /OUTPUT FILE=         

 /OUTPUT FILE=         

 /OUTPUT FILE=         

 /OUTPUT FILE=         

 /OUTPUT FILE=         

 SELECT ALL ENTITIES OF TYPE= ALL  AND BELOW

 /OUTPUT FILE=         

 VECTOR GET OPERATION  _MYVGET_  VECTOR LENGTH=    2720
 NAME= NODE         0  NLIS      

 /OUTPUT FILE=         

 VECTOR GET OPERATION  _MYVGET_  VECTOR LENGTH=    2720
 NAME= NODE         0  NLIS      

 /OUTPUT FILE=         

 /OUTPUT FILE=         

 VECTOR GET OPERATION  _MYVGET_  VECTOR LENGTH=    2720
 NAME= NODE         0  NLIS      

 *** WARNING ***                         CP =       0.000   TIME= 00:00:00
 For array parameter _MYVGET_ the dimension number 1 is 0.  All          
 dimensions must be greater than zero.  The value is set to 1.           

 /OUTPUT FILE=         

 VECTOR GET OPERATION  _MYVGET_  VECTOR LENGTH=    2720
 NAME= NODE         0  NLIS      

 *** WARNING ***                         CP =       0.000   TIME= 00:00:00
 For array parameter _MYVGET_ the dimension number 1 is 0.  All          
 dimensions must be greater than zero.  The value is set to 1.           

 /OUTPUT FILE=         

 /OUTPUT FILE=         

 /OUTPUT FILE=         

 /OUTPUT FILE=         

 /OUTPUT FILE=         

 /OUTPUT FILE=         

 SELECT ALL ENTITIES OF TYPE= ALL  AND BELOW

 /OUTPUT FILE=         

 VECTOR GET OPERATION  _MYVGET_  VECTOR LENGTH=    2720
 NAME= NODE         0  NLIS      

 /OUTPUT FILE=         

 VECTOR GET OPERATION  _MYVGET_  VECTOR LENGTH=    2720
 NAME= NODE         0  NLIS      

 /OUTPUT FILE=         

 /OUTPUT FILE=         

 VECTOR GET OPERATION  _MYVGET_  VECTOR LENGTH=    2720
 NAME= NODE         0  NLIS      

 *** WARNING ***                         CP =       0.000   TIME= 00:00:00
 For array parameter _MYVGET_ the dimension number 1 is 0.  All          
 dimensions must be greater than zero.  The value is set to 1.           

 /OUTPUT FILE=         

 VECTOR GET OPERATION  _MYVGET_  VECTOR LENGTH=    2720
 NAME= NODE         0  NLIS      

 *** WARNING ***                         CP =       0.000   TIME= 00:00:00
 For array parameter _MYVGET_ the dimension number 1 is 0.  All          
 dimensions must be greater than zero.  The value is set to 1.           

 /OUTPUT FILE=         

 /OUTPUT FILE=         

 /OUTPUT FILE=         

 /OUTPUT FILE=         

 /OUTPUT FILE=         

 /OUTPUT FILE=         

 SELECT ALL ENTITIES OF TYPE= ALL  AND BELOW

 /OUTPUT FILE=         

 VECTOR GET OPERATION  _MYVGET_  VECTOR LENGTH=    2720
 NAME= NODE         0  NLIS      

 /OUTPUT FILE=         

 VECTOR GET OPERATION  _MYVGET_  VECTOR LENGTH=    2720
 NAME= NODE         0  NLIS      

 /OUTPUT FILE=         

 /OUTPUT FILE=         

 VECTOR GET OPERATION  _MYVGET_  VECTOR LENGTH=    2720
 NAME= NODE         0  NLIS      

 *** WARNING ***                         CP =       0.000   TIME= 00:00:00
 For array parameter _MYVGET_ the dimension number 1 is 0.  All          
 dimensions must be greater than zero.  The value is set to 1.           

 /OUTPUT FILE=         

 VECTOR GET OPERATION  _MYVGET_  VECTOR LENGTH=    2720
 NAME= NODE         0  NLIS      

 *** WARNING ***                         CP =       0.000   TIME= 00:00:00
 For array parameter _MYVGET_ the dimension number 1 is 0.  All          
 dimensions must be greater than zero.  The value is set to 1.           

 /OUTPUT FILE=         

 /OUTPUT FILE=         

 /OUTPUT FILE=         

 /OUTPUT FILE=         

 /OUTPUT FILE=         

 /OUTPUT FILE=         

 SELECT ALL ENTITIES OF TYPE= ALL  AND BELOW

 /OUTPUT FILE=         

 VECTOR GET OPERATION  _MYVGET_  VECTOR LENGTH=    2720
 NAME= NODE         0  NLIS      

 /OUTPUT FILE=         

 VECTOR GET OPERATION  _MYVGET_  VECTOR LENGTH=    2720
 NAME= NODE         0  NLIS      

 /OUTPUT FILE=         

 /OUTPUT FILE=         

 VECTOR GET OPERATION  _MYVGET_  VECTOR LENGTH=    2720
 NAME= NODE         0  NLIS      

 *** WARNING ***                         CP =       0.000   TIME= 00:00:00
 For array parameter _MYVGET_ the dimension number 1 is 0.  All          
 dimensions must be greater than zero.  The value is set to 1.           

 /OUTPUT FILE=         

 VECTOR GET OPERATION  _MYVGET_  VECTOR LENGTH=    2720
 NAME= NODE         0  NLIS      

 *** WARNING ***                         CP =       0.000   TIME= 00:00:00
 For array parameter _MYVGET_ the dimension number 1 is 0.  All          
 dimensions must be greater than zero.  The value is set to 1.           

 /OUTPUT FILE=         

 /OUTPUT FILE=         

 /OUTPUT FILE=         

 /OUTPUT FILE=         

 /OUTPUT FILE=         

 /OUTPUT FILE=         

 SELECT ALL ENTITIES OF TYPE= ALL  AND BELOW

 /OUTPUT FILE=         

 VECTOR GET OPERATION  _MYVGET_  VECTOR LENGTH=    2720
 NAME= NODE         0  NLIS      

 /OUTPUT FILE=         

 VECTOR GET OPERATION  _MYVGET_  VECTOR LENGTH=    2720
 NAME= NODE         0  NLIS      

 /OUTPUT FILE=         

 /OUTPUT FILE=         

 VECTOR GET OPERATION  _MYVGET_  VECTOR LENGTH=    2720
 NAME= NODE         0  NLIS      

 *** WARNING ***                         CP =       0.000   TIME= 00:00:00
 For array parameter _MYVGET_ the dimension number 1 is 0.  All          
 dimensions must be greater than zero.  The value is set to 1.           

 /OUTPUT FILE=         

 VECTOR GET OPERATION  _MYVGET_  VECTOR LENGTH=    2720
 NAME= NODE         0  NLIS      

 *** WARNING ***                         CP =       0.000   TIME= 00:00:00
 For array parameter _MYVGET_ the dimension number 1 is 0.  All          
 dimensions must be greater than zero.  The value is set to 1.           

 /OUTPUT FILE=         

 /OUTPUT FILE=         

 /OUTPUT FILE=         

 /OUTPUT FILE=         

 /OUTPUT FILE=         

 /OUTPUT FILE=         

 SELECT ALL ENTITIES OF TYPE= ALL  AND BELOW

 /OUTPUT FILE=         

 VECTOR GET OPERATION  _MYVGET_  VECTOR LENGTH=    2720
 NAME= NODE         0  NLIS      

 /OUTPUT FILE=         

 VECTOR GET OPERATION  _MYVGET_  VECTOR LENGTH=    2720
 NAME= NODE         0  NLIS      

 /OUTPUT FILE=         

 /OUTPUT FILE=         

 VECTOR GET OPERATION  _MYVGET_  VECTOR LENGTH=    2720
 NAME= NODE         0  NLIS      

 *** WARNING ***                         CP =       0.000   TIME= 00:00:00
 For array parameter _MYVGET_ the dimension number 1 is 0.  All          
 dimensions must be greater than zero.  The value is set to 1.           

 /OUTPUT FILE=         

 VECTOR GET OPERATION  _MYVGET_  VECTOR LENGTH=    2720
 NAME= NODE         0  NLIS      

 *** WARNING ***                         CP =       0.000   TIME= 00:00:00
 For array parameter _MYVGET_ the dimension number 1 is 0.  All          
 dimensions must be greater than zero.  The value is set to 1.           

 /OUTPUT FILE=         

 /OUTPUT FILE=         

 /OUTPUT FILE=         

 /OUTPUT FILE=         

 /OUTPUT FILE=         

 /OUTPUT FILE=         

 SELECT ALL ENTITIES OF TYPE= ALL  AND BELOW

 /OUTPUT FILE=         

 VECTOR GET OPERATION  _MYVGET_  VECTOR LENGTH=    2720
 NAME= NODE         0  NLIS      

 /OUTPUT FILE=         

 VECTOR GET OPERATION  _MYVGET_  VECTOR LENGTH=    2720
 NAME= NODE         0  NLIS      

 /OUTPUT FILE=         

 /OUTPUT FILE=         

 VECTOR GET OPERATION  _MYVGET_  VECTOR LENGTH=    2720
 NAME= NODE         0  NLIS      

 *** WARNING ***                         CP =       0.000   TIME= 00:00:00
 For array parameter _MYVGET_ the dimension number 1 is 0.  All          
 dimensions must be greater than zero.  The value is set to 1.           

 /OUTPUT FILE=         

 VECTOR GET OPERATION  _MYVGET_  VECTOR LENGTH=    2720
 NAME= NODE         0  NLIS      

 *** WARNING ***                         CP =       0.000   TIME= 00:00:00
 For array parameter _MYVGET_ the dimension number 1 is 0.  All          
 dimensions must be greater than zero.  The value is set to 1.           

 /OUTPUT FILE=         

 /OUTPUT FILE=         

 /OUTPUT FILE=         

 /OUTPUT FILE=         

 /OUTPUT FILE=         

 /OUTPUT FILE=         

 SELECT ALL ENTITIES OF TYPE= ALL  AND BELOW

 /OUTPUT FILE=         

 VECTOR GET OPERATION  _MYVGET_  VECTOR LENGTH=    2720
 NAME= NODE         0  NLIS      

 /OUTPUT FILE=         

 VECTOR GET OPERATION  _MYVGET_  VECTOR LENGTH=    2720
 NAME= NODE         0  NLIS      

 /OUTPUT FILE=         

 /OUTPUT FILE=         

 VECTOR GET OPERATION  _MYVGET_  VECTOR LENGTH=    2720
 NAME= NODE         0  NLIS      

 *** WARNING ***                         CP =       0.000   TIME= 00:00:00
 For array parameter _MYVGET_ the dimension number 1 is 0.  All          
 dimensions must be greater than zero.  The value is set to 1.           

 /OUTPUT FILE=         

 VECTOR GET OPERATION  _MYVGET_  VECTOR LENGTH=    2720
 NAME= NODE         0  NLIS      

 *** WARNING ***                         CP =       0.000   TIME= 00:00:00
 For array parameter _MYVGET_ the dimension number 1 is 0.  All          
 dimensions must be greater than zero.  The value is set to 1.           

 /OUTPUT FILE=         

 /OUTPUT FILE=         

 /OUTPUT FILE=         

 /OUTPUT FILE=         

 /OUTPUT FILE=         

 /OUTPUT FILE=         

 SELECT ALL ENTITIES OF TYPE= ALL  AND BELOW

 /OUTPUT FILE=         

 VECTOR GET OPERATION  _MYVGET_  VECTOR LENGTH=    2720
 NAME= NODE         0  NLIS      

 /OUTPUT FILE=         

 VECTOR GET OPERATION  _MYVGET_  VECTOR LENGTH=    2720
 NAME= NODE         0  NLIS      

 /OUTPUT FILE=         

 /OUTPUT FILE=         

 VECTOR GET OPERATION  _MYVGET_  VECTOR LENGTH=    2720
 NAME= NODE         0  NLIS      

 *** WARNING ***                         CP =       0.000   TIME= 00:00:00
 For array parameter _MYVGET_ the dimension number 1 is 0.  All          
 dimensions must be greater than zero.  The value is set to 1.           

 /OUTPUT FILE=         

 VECTOR GET OPERATION  _MYVGET_  VECTOR LENGTH=    2720
 NAME= NODE         0  NLIS      

 *** WARNING ***                         CP =       0.000   TIME= 00:00:00
 For array parameter _MYVGET_ the dimension number 1 is 0.  All          
 dimensions must be greater than zero.  The value is set to 1.           

 /OUTPUT FILE=         

 /OUTPUT FILE=         

 /OUTPUT FILE=         

 /OUTPUT FILE=         

 /OUTPUT FILE=         

 /OUTPUT FILE=         

 SELECT ALL ENTITIES OF TYPE= ALL  AND BELOW

 /OUTPUT FILE=         

 VECTOR GET OPERATION  _MYVGET_  VECTOR LENGTH=    2720
 NAME= NODE         0  NLIS      

 /OUTPUT FILE=         

 VECTOR GET OPERATION  _MYVGET_  VECTOR LENGTH=    2720
 NAME= NODE         0  NLIS      

 /OUTPUT FILE=         

 /OUTPUT FILE=         

 VECTOR GET OPERATION  _MYVGET_  VECTOR LENGTH=    2720
 NAME= NODE         0  NLIS      

 *** WARNING ***                         CP =       0.000   TIME= 00:00:00
 For array parameter _MYVGET_ the dimension number 1 is 0.  All          
 dimensions must be greater than zero.  The value is set to 1.           

 /OUTPUT FILE=         

 VECTOR GET OPERATION  _MYVGET_  VECTOR LENGTH=    2720
 NAME= NODE         0  NLIS      

 *** WARNING ***                         CP =       0.000   TIME= 00:00:00
 For array parameter _MYVGET_ the dimension number 1 is 0.  All          
 dimensions must be greater than zero.  The value is set to 1.           

 /OUTPUT FILE=         

 /OUTPUT FILE=         

 /OUTPUT FILE=         

 /OUTPUT FILE=         

 /OUTPUT FILE=         

 /OUTPUT FILE=         

 SELECT ALL ENTITIES OF TYPE= ALL  AND BELOW

 /OUTPUT FILE=         

 VECTOR GET OPERATION  _MYVGET_  VECTOR LENGTH=    2720
 NAME= NODE         0  NLIS      

 /OUTPUT FILE=         

 VECTOR GET OPERATION  _MYVGET_  VECTOR LENGTH=    2720
 NAME= NODE         0  NLIS      

 /OUTPUT FILE=         

 /OUTPUT FILE=         

 VECTOR GET OPERATION  _MYVGET_  VECTOR LENGTH=    2720
 NAME= NODE         0  NLIS      

 *** WARNING ***                         CP =       0.000   TIME= 00:00:00
 For array parameter _MYVGET_ the dimension number 1 is 0.  All          
 dimensions must be greater than zero.  The value is set to 1.           

 /OUTPUT FILE=         

 VECTOR GET OPERATION  _MYVGET_  VECTOR LENGTH=    2720
 NAME= NODE         0  NLIS      

 *** WARNING ***                         CP =       0.000   TIME= 00:00:00
 For array parameter _MYVGET_ the dimension number 1 is 0.  All          
 dimensions must be greater than zero.  The value is set to 1.           

 /OUTPUT FILE=         

 /OUTPUT FILE=         

 /OUTPUT FILE=         

 /OUTPUT FILE=         

 /OUTPUT FILE=         

 /OUTPUT FILE=         

 SELECT ALL ENTITIES OF TYPE= ALL  AND BELOW

 /OUTPUT FILE=         

 VECTOR GET OPERATION  _MYVGET_  VECTOR LENGTH=    2720
 NAME= NODE         0  NLIS      

 /OUTPUT FILE=         

 VECTOR GET OPERATION  _MYVGET_  VECTOR LENGTH=    2720
 NAME= NODE         0  NLIS      

 /OUTPUT FILE=         

 /OUTPUT FILE=         

 VECTOR GET OPERATION  _MYVGET_  VECTOR LENGTH=    2720
 NAME= NODE         0  NLIS      

 *** WARNING ***                         CP =       0.000   TIME= 00:00:00
 For array parameter _MYVGET_ the dimension number 1 is 0.  All          
 dimensions must be greater than zero.  The value is set to 1.           

 /OUTPUT FILE=         

 VECTOR GET OPERATION  _MYVGET_  VECTOR LENGTH=    2720
 NAME= NODE         0  NLIS      

 *** WARNING ***                         CP =       0.000   TIME= 00:00:00
 For array parameter _MYVGET_ the dimension number 1 is 0.  All          
 dimensions must be greater than zero.  The value is set to 1.           

 /OUTPUT FILE=         

 /OUTPUT FILE=         

 /OUTPUT FILE=         

 /OUTPUT FILE=         

 /OUTPUT FILE=         

 /OUTPUT FILE=         

 SELECT ALL ENTITIES OF TYPE= ALL  AND BELOW

 /OUTPUT FILE=         

 VECTOR GET OPERATION  _MYVGET_  VECTOR LENGTH=    2720
 NAME= NODE         0  NLIS      

 /OUTPUT FILE=         

 VECTOR GET OPERATION  _MYVGET_  VECTOR LENGTH=    2720
 NAME= NODE         0  NLIS      

 /OUTPUT FILE=         

 /OUTPUT FILE=         

 VECTOR GET OPERATION  _MYVGET_  VECTOR LENGTH=    2720
 NAME= NODE         0  NLIS      

 *** WARNING ***                         CP =       0.000   TIME= 00:00:00
 For array parameter _MYVGET_ the dimension number 1 is 0.  All          
 dimensions must be greater than zero.  The value is set to 1.           

 /OUTPUT FILE=         

 VECTOR GET OPERATION  _MYVGET_  VECTOR LENGTH=    2720
 NAME= NODE         0  NLIS      

 *** WARNING ***                         CP =       0.000   TIME= 00:00:00
 For array parameter _MYVGET_ the dimension number 1 is 0.  All          
 dimensions must be greater than zero.  The value is set to 1.           

 /OUTPUT FILE=         

 /OUTPUT FILE=         

 /OUTPUT FILE=         

 /OUTPUT FILE=         

 /OUTPUT FILE=         

 /OUTPUT FILE=         

 SELECT ALL ENTITIES OF TYPE= ALL  AND BELOW

 /OUTPUT FILE=         

 VECTOR GET OPERATION  _MYVGET_  VECTOR LENGTH=    2720
 NAME= NODE         0  NLIS      

 /OUTPUT FILE=         

 VECTOR GET OPERATION  _MYVGET_  VECTOR LENGTH=    2720
 NAME= NODE         0  NLIS      

 /OUTPUT FILE=         

 /OUTPUT FILE=         

 VECTOR GET OPERATION  _MYVGET_  VECTOR LENGTH=    2720
 NAME= NODE         0  NLIS      

 *** WARNING ***                         CP =       0.000   TIME= 00:00:00
 For array parameter _MYVGET_ the dimension number 1 is 0.  All          
 dimensions must be greater than zero.  The value is set to 1.           

 /OUTPUT FILE=         

 VECTOR GET OPERATION  _MYVGET_  VECTOR LENGTH=    2720
 NAME= NODE         0  NLIS      

 *** WARNING ***                         CP =       0.000   TIME= 00:00:00
 For array parameter _MYVGET_ the dimension number 1 is 0.  All          
 dimensions must be greater than zero.  The value is set to 1.           

 /OUTPUT FILE=         

 /OUTPUT FILE=         

 /OUTPUT FILE=         

 /OUTPUT FILE=         

 /OUTPUT FILE=         

 /OUTPUT FILE=         

 SELECT ALL ENTITIES OF TYPE= ALL  AND BELOW

 /OUTPUT FILE=         

 VECTOR GET OPERATION  _MYVGET_  VECTOR LENGTH=    2720
 NAME= NODE         0  NLIS      

 /OUTPUT FILE=         

 VECTOR GET OPERATION  _MYVGET_  VECTOR LENGTH=    2720
 NAME= NODE         0  NLIS      

 /OUTPUT FILE=         

 /OUTPUT FILE=         

 VECTOR GET OPERATION  _MYVGET_  VECTOR LENGTH=    2720
 NAME= NODE         0  NLIS      

 *** WARNING ***                         CP =       0.000   TIME= 00:00:00
 For array parameter _MYVGET_ the dimension number 1 is 0.  All          
 dimensions must be greater than zero.  The value is set to 1.           

 /OUTPUT FILE=         

 VECTOR GET OPERATION  _MYVGET_  VECTOR LENGTH=    2720
 NAME= NODE         0  NLIS      

 *** WARNING ***                         CP =       0.000   TIME= 00:00:00
 For array parameter _MYVGET_ the dimension number 1 is 0.  All          
 dimensions must be greater than zero.  The value is set to 1.           

 /OUTPUT FILE=         

 /OUTPUT FILE=         

 /OUTPUT FILE=         

 /OUTPUT FILE=         

 /OUTPUT FILE=         

 /OUTPUT FILE=         

 SELECT ALL ENTITIES OF TYPE= ALL  AND BELOW

 /OUTPUT FILE=         

 VECTOR GET OPERATION  _MYVGET_  VECTOR LENGTH=    2720
 NAME= NODE         0  NLIS      

 /OUTPUT FILE=         

 VECTOR GET OPERATION  _MYVGET_  VECTOR LENGTH=    2720
 NAME= NODE         0  NLIS      

 /OUTPUT FILE=         

 /OUTPUT FILE=         

 VECTOR GET OPERATION  _MYVGET_  VECTOR LENGTH=    2720
 NAME= NODE         0  NLIS      

 *** WARNING ***                         CP =       0.000   TIME= 00:00:00
 For array parameter _MYVGET_ the dimension number 1 is 0.  All          
 dimensions must be greater than zero.  The value is set to 1.           

 /OUTPUT FILE=         

 VECTOR GET OPERATION  _MYVGET_  VECTOR LENGTH=    2720
 NAME= NODE         0  NLIS      

 *** WARNING ***                         CP =       0.000   TIME= 00:00:00
 For array parameter _MYVGET_ the dimension number 1 is 0.  All          
 dimensions must be greater than zero.  The value is set to 1.           

 /OUTPUT FILE=         

 /OUTPUT FILE=         

 /OUTPUT FILE=         

 /OUTPUT FILE=         

 /OUTPUT FILE=         

 /OUTPUT FILE=         

 SELECT ALL ENTITIES OF TYPE= ALL  AND BELOW

 /OUTPUT FILE=         

 VECTOR GET OPERATION  _MYVGET_  VECTOR LENGTH=    2720
 NAME= NODE         0  NLIS      

 /OUTPUT FILE=         

 VECTOR GET OPERATION  _MYVGET_  VECTOR LENGTH=    2720
 NAME= NODE         0  NLIS      

 /OUTPUT FILE=         

 /OUTPUT FILE=         

 VECTOR GET OPERATION  _MYVGET_  VECTOR LENGTH=    2720
 NAME= NODE         0  NLIS      

 *** WARNING ***                         CP =       0.000   TIME= 00:00:00
 For array parameter _MYVGET_ the dimension number 1 is 0.  All          
 dimensions must be greater than zero.  The value is set to 1.           

 /OUTPUT FILE=         

 VECTOR GET OPERATION  _MYVGET_  VECTOR LENGTH=    2720
 NAME= NODE         0  NLIS      

 *** WARNING ***                         CP =       0.000   TIME= 00:00:00
 For array parameter _MYVGET_ the dimension number 1 is 0.  All          
 dimensions must be greater than zero.  The value is set to 1.           

 /OUTPUT FILE=         

 /OUTPUT FILE=         

 /OUTPUT FILE=         

 /OUTPUT FILE=         

 /OUTPUT FILE=         

 /OUTPUT FILE=         

 /OUTPUT FILE=         

 VECTOR GET OPERATION  _MYVGET_  VECTOR LENGTH=    2720
 NAME= NODE         0  NLIS      

 *** WARNING ***                         CP =       0.000   TIME= 00:00:00
 For array parameter _MYVGET_ the dimension number 1 is 0.  All          
 dimensions must be greater than zero.  The value is set to 1.           

 /OUTPUT FILE=         

 /OUTPUT FILE=         

 /OUTPUT FILE=         

 /OUTPUT FILE=         

 /OUTPUT FILE=         

 /OUTPUT FILE=         

 /OUTPUT FILE=         

 /OUTPUT FILE=         

 /OUTPUT FILE=         

 /OUTPUT FILE=         

 /OUTPUT FILE=         

 /OUTPUT FILE=         

 /OUTPUT FILE=         

 /OUTPUT FILE=         

 /OUTPUT FILE=         

 /OUTPUT FILE=         

 /OUTPUT FILE=         

 /OUTPUT FILE=         

 /OUTPUT FILE=         

 /OUTPUT FILE=         

 /OUTPUT FILE=         

 SELECT ALL ENTITIES OF TYPE= ALL  AND BELOW

 SELECT ALL ENTITIES OF TYPE= ALL  AND BELOW

 /OUTPUT FILE=         

 /OUTPUT FILE=         

 /OUTPUT FILE=         

 /OUTPUT FILE=         

 /OUTPUT FILE=         

 /OUTPUT FILE=         

 /OUTPUT FILE=         

 /OUTPUT FILE=         

 /OUTPUT FILE=         

 /OUTPUT FILE=         

 /OUTPUT FILE=         

 /OUTPUT FILE=         

 /OUTPUT FILE=         

 /OUTPUT FILE=         

 /OUTPUT FILE=         

 /OUTPUT FILE=         

 /OUTPUT FILE=         

 /OUTPUT FILE=         

 /OUTPUT FILE=         

 /OUTPUT FILE=         

 /OUTPUT FILE=         

 /OUTPUT FILE=         

 SELECT ALL ENTITIES OF TYPE= ALL  AND BELOW

 /OUTPUT FILE=         

 /OUTPUT FILE=         

 /OUTPUT FILE=         

 /OUTPUT FILE=         

 /OUTPUT FILE=         

 /OUTPUT FILE=         

 /OUTPUT FILE=         

 /OUTPUT FILE=         

 FINISH SOLUTION PROCESSING


 ***** ROUTINE COMPLETED *****  CP =         0.000



 /OUTPUT FILE=         

 /OUTPUT FILE=         

 VECTOR GET OPERATION  _MYVGET_  VECTOR LENGTH=    2720
 NAME= NODE         0  U     Z   

 VECTOR GET OPERATION  _MYVGET_  VECTOR LENGTH=    2720
 NAME= NODE         0  NSEL      

 VECTOR GET OPERATION  _MYVGET_  VECTOR LENGTH=    2720
 NAME= NODE         0  NSEL      

 /OUTPUT FILE=         

 DEFINITION OF COMPONENT = __CMP_KPUBUHO__  ENTITY=KP  

 DEFINITION OF COMPONENT = __CMP_LINEUBUHO__  ENTITY=LINE

 DEFINITION OF COMPONENT = __CMP_AREAUBUHO__  ENTITY=AREA

 DEFINITION OF COMPONENT = __CMP_VOLUUBUHO__  ENTITY=VOLU

 DEFINITION OF COMPONENT = __CMP_NODEUBUHO__  ENTITY=NODE

 DEFINITION OF COMPONENT = __CMP_ELEMUBUHO__  ENTITY=ELEM

 SELECT      ALL NODES HAVING ANY ELEMENT IN ELEMENT SET.

       2720 NODES (OF       2720  DEFINED) SELECTED FROM
      450 SELECTED ELEMENTS BY NSLE COMMAND.

 VECTOR GET OPERATION  _MYVGET_  VECTOR LENGTH=    2720
 NAME= NODE         0  NLIS      

 PARAMETER __TMPVAR__ =     1.000000000    

 /OUTPUT FILE=         

 VECTOR GET OPERATION  _MYVGET_  VECTOR LENGTH=     450
 NAME= ELEM         0  ELIS      

 VECTOR GET OPERATION  _MYVGET_  VECTOR LENGTH=    2720
 NAME= NODE         0  NLIS      

 /OUTPUT FILE=         

 /OUTPUT FILE=         

 ALSO SELECT COMPONENT OUTSIDE                                                                                                                                                                                                                                                         

 ALSO SELECT COMPONENT __CMP_KPUBUHO__                                                                                                                                                                                                                                                 

        8  KEYPOINTS (OF        8  DEFINED) SELECTED BY  KSEL  COMMAND.

 PARAMETER __TMPVAR__ =     1.000000000    

 /OUTPUT FILE=         

 VECTOR GET OPERATION  _MYVGET_  VECTOR LENGTH=       8
 NAME= KP           0  KLIS      

 DELETE COMPONENT __CMP_KPUBUHO__                                                                                                                                                                                                                                                 

 ALSO SELECT COMPONENT __CMP_LINEUBUHO__                                                                                                                                                                                                                                               

       12  LINES (OF       12  DEFINED) SELECTED BY  LSEL  COMMAND.

 PARAMETER __TMPVAR__ =     1.000000000    

 /OUTPUT FILE=         

 VECTOR GET OPERATION  _MYVGET_  VECTOR LENGTH=      12
 NAME= LINE         0  LLIS      

 PARAMETER __TMPVAR__ =     1.000000000    

 /OUTPUT FILE=         

 DELETE COMPONENT __CMP_LINEUBUHO__                                                                                                                                                                                                                                               

 ALSO SELECT COMPONENT __CMP_AREAUBUHO__                                                                                                                                                                                                                                               

        6  AREAS (OF        6  DEFINED) SELECTED BY  ASEL  COMMAND.

 PARAMETER __TMPVAR__ =     1.000000000    

 /OUTPUT FILE=         

 VECTOR GET OPERATION  _MYVGET_  VECTOR LENGTH=       6
 NAME= AREA         0  ALIS      

 DELETE COMPONENT __CMP_AREAUBUHO__                                                                                                                                                                                                                                               

 ALSO SELECT COMPONENT __CMP_VOLUUBUHO__                                                                                                                                                                                                                                               

        1  VOLUMES (OF        1  DEFINED) SELECTED BY  VSEL  COMMAND.

 PARAMETER __TMPVAR__ =     1.000000000    

 /OUTPUT FILE=         

 VECTOR GET OPERATION  _MYVGET_  VECTOR LENGTH=       1
 NAME= VOLU         0  VLIS      

 DELETE COMPONENT __CMP_VOLUUBUHO__                                                                                                                                                                                                                                               

 ALSO SELECT COMPONENT __CMP_NODEUBUHO__                                                                                                                                                                                                                                               

       2720  NODES (OF       2720  DEFINED) SELECTED BY  NSEL  COMMAND.

 DELETE COMPONENT __CMP_NODEUBUHO__                                                                                                                                                                                                                                               

 ALSO SELECT COMPONENT __CMP_ELEMUBUHO__                                                                                                                                                                                                                                               

        450  ELEMENTS (OF        450  DEFINED) SELECTED BY  ESEL  COMMAND.

 DELETE COMPONENT __CMP_ELEMUBUHO__                                                                                                                                                                                                                                               

 /OUTPUT FILE=         
 You have already entered the general postprocessor (POST1).             

 /OUTPUT FILE=         
 You have already entered the general postprocessor (POST1).             

 /OUTPUT FILE=         

 /OUTPUT FILE=         

 /OUTPUT FILE=         

 EXIT MAPDL WHILE IN SERVER MODE

 SAVE ALL MODEL, SOLUTION AND POST DATA

 ALL CURRENT MAPDL DATA WRITTEN TO FILE NAME= 
  FOR POSSIBLE RESUME FROM THIS POINT


 NUMBER OF WARNING MESSAGES ENCOUNTERED=         44
 NUMBER OF ERROR   MESSAGES ENCOUNTERED=          0


 *-----------------------------------------------------------------------------*
 |                                                                             |
 |                               RUN COMPLETED                                 |
 |                                                                             |
 |-----------------------------------------------------------------------------|
 |                                                                             |
 |  Ansys MAPDL 2025 R1         Build 25.1         UP20241202    WINDOWS x64   |
 |                                                                             |
 |-----------------------------------------------------------------------------|
 |                                                                             |
 |  Database Requested(-db)  1024 MB     Scratch Memory Requested     10720 MB |
 |  Maximum Database Used       4 MB     Maximum Scratch Memory Used     53 MB |
 |                                                                             |
 |-----------------------------------------------------------------------------|
 |                                                                             |
 |        CP Time      (sec) =          1.156       Time  =  23:53:18          |
 |        Elapsed Time (sec) =        313.000       Date  =  04/29/2025        |
 |                                                                             |
 *-----------------------------------------------------------------------------*
