/COM,ANSYS RELEASE 2025 R1           BUILD 25.1      UP20241202       23:48:06

 *** WARNING ***                         CP =       0.000   TIME= 00:00:00
 The geometry is not available.  Issue the RESUME command to restore the 
 database.  The NUMVAR command is ignored.                               

 *** WARNING ***                         CP =       0.000   TIME= 00:00:00
 For array parameter _MYVGET_ the dimension number 1 is 0.  All          
 dimensions must be greater than zero.  The value is set to 1.           

 *** WARNING ***                         CP =       0.000   TIME= 00:00:00
 For array parameter _MYVGET_ the dimension number 1 is 0.  All          
 dimensions must be greater than zero.  The value is set to 1.           

 *** WARNING ***                         CP =       0.000   TIME= 00:00:00
 For array parameter _MYVGET_ the dimension number 1 is 0.  All          
 dimensions must be greater than zero.  The value is set to 1.           

 *** WARNING ***                         CP =       0.000   TIME= 00:00:00
 For array parameter _MYVGET_ the dimension number 1 is 0.  All          
 dimensions must be greater than zero.  The value is set to 1.           

 *** WARNING ***                         CP =       0.000   TIME= 00:00:00
 For array parameter _MYVGET_ the dimension number 1 is 0.  All          
 dimensions must be greater than zero.  The value is set to 1.           

 *** WARNING ***                         CP =       0.000   TIME= 00:00:00
 For array parameter _MYVGET_ the dimension number 1 is 0.  All          
 dimensions must be greater than zero.  The value is set to 1.           

 *** WARNING ***                         CP =       0.000   TIME= 00:00:00
 For array parameter _MYVGET_ the dimension number 1 is 0.  All          
 dimensions must be greater than zero.  The value is set to 1.           

 *** WARNING ***                         CP =       0.000   TIME= 00:00:00
 For array parameter _MYVGET_ the dimension number 1 is 0.  All          
 dimensions must be greater than zero.  The value is set to 1.           

 *** WARNING ***                         CP =       0.000   TIME= 00:00:00
 For array parameter _MYVGET_ the dimension number 1 is 0.  All          
 dimensions must be greater than zero.  The value is set to 1.           

 *** WARNING ***                         CP =       0.000   TIME= 00:00:00
 For array parameter _MYVGET_ the dimension number 1 is 0.  All          
 dimensions must be greater than zero.  The value is set to 1.           

 *** WARNING ***                         CP =       0.000   TIME= 00:00:00
 For array parameter _MYVGET_ the dimension number 1 is 0.  All          
 dimensions must be greater than zero.  The value is set to 1.           

 *** WARNING ***                         CP =       0.000   TIME= 00:00:00
 For array parameter _MYVGET_ the dimension number 1 is 0.  All          
 dimensions must be greater than zero.  The value is set to 1.           

 *** WARNING ***                         CP =       0.000   TIME= 00:00:00
 For array parameter _MYVGET_ the dimension number 1 is 0.  All          
 dimensions must be greater than zero.  The value is set to 1.           

 *** WARNING ***                         CP =       0.000   TIME= 00:00:00
 For array parameter _MYVGET_ the dimension number 1 is 0.  All          
 dimensions must be greater than zero.  The value is set to 1.           

 *** WARNING ***                         CP =       0.000   TIME= 00:00:00
 For array parameter _MYVGET_ the dimension number 1 is 0.  All          
 dimensions must be greater than zero.  The value is set to 1.           

 *** WARNING ***                         CP =       0.000   TIME= 00:00:00
 For array parameter _MYVGET_ the dimension number 1 is 0.  All          
 dimensions must be greater than zero.  The value is set to 1.           

 *** WARNING ***                         CP =       0.000   TIME= 00:00:00
 For array parameter _MYVGET_ the dimension number 1 is 0.  All          
 dimensions must be greater than zero.  The value is set to 1.           

 *** WARNING ***                         CP =       0.000   TIME= 00:00:00
 For array parameter _MYVGET_ the dimension number 1 is 0.  All          
 dimensions must be greater than zero.  The value is set to 1.           

 *** WARNING ***                         CP =       0.000   TIME= 00:00:00
 For array parameter _MYVGET_ the dimension number 1 is 0.  All          
 dimensions must be greater than zero.  The value is set to 1.           

 *** WARNING ***                         CP =       0.000   TIME= 00:00:00
 For array parameter _MYVGET_ the dimension number 1 is 0.  All          
 dimensions must be greater than zero.  The value is set to 1.           

 *** WARNING ***                         CP =       0.000   TIME= 00:00:00
 For array parameter _MYVGET_ the dimension number 1 is 0.  All          
 dimensions must be greater than zero.  The value is set to 1.           

 *** WARNING ***                         CP =       0.000   TIME= 00:00:00
 For array parameter _MYVGET_ the dimension number 1 is 0.  All          
 dimensions must be greater than zero.  The value is set to 1.           

 *** WARNING ***                         CP =       0.000   TIME= 00:00:00
 For array parameter _MYVGET_ the dimension number 1 is 0.  All          
 dimensions must be greater than zero.  The value is set to 1.           

 *** WARNING ***                         CP =       0.000   TIME= 00:00:00
 For array parameter _MYVGET_ the dimension number 1 is 0.  All          
 dimensions must be greater than zero.  The value is set to 1.           

 *** WARNING ***                         CP =       0.000   TIME= 00:00:00
 For array parameter _MYVGET_ the dimension number 1 is 0.  All          
 dimensions must be greater than zero.  The value is set to 1.           

 *** WARNING ***                         CP =       0.000   TIME= 00:00:00
 For array parameter _MYVGET_ the dimension number 1 is 0.  All          
 dimensions must be greater than zero.  The value is set to 1.           

 *** WARNING ***                         CP =       0.000   TIME= 00:00:00
 For array parameter _MYVGET_ the dimension number 1 is 0.  All          
 dimensions must be greater than zero.  The value is set to 1.           

 *** WARNING ***                         CP =       0.000   TIME= 00:00:00
 For array parameter _MYVGET_ the dimension number 1 is 0.  All          
 dimensions must be greater than zero.  The value is set to 1.           

 *** WARNING ***                         CP =       0.000   TIME= 00:00:00
 For array parameter _MYVGET_ the dimension number 1 is 0.  All          
 dimensions must be greater than zero.  The value is set to 1.           

 *** WARNING ***                         CP =       0.000   TIME= 00:00:00
 For array parameter _MYVGET_ the dimension number 1 is 0.  All          
 dimensions must be greater than zero.  The value is set to 1.           

 *** WARNING ***                         CP =       0.000   TIME= 00:00:00
 For array parameter _MYVGET_ the dimension number 1 is 0.  All          
 dimensions must be greater than zero.  The value is set to 1.           

 *** WARNING ***                         CP =       0.000   TIME= 00:00:00
 For array parameter _MYVGET_ the dimension number 1 is 0.  All          
 dimensions must be greater than zero.  The value is set to 1.           

 *** WARNING ***                         CP =       0.000   TIME= 00:00:00
 For array parameter _MYVGET_ the dimension number 1 is 0.  All          
 dimensions must be greater than zero.  The value is set to 1.           

 *** WARNING ***                         CP =       0.000   TIME= 00:00:00
 For array parameter _MYVGET_ the dimension number 1 is 0.  All          
 dimensions must be greater than zero.  The value is set to 1.           

 *** WARNING ***                         CP =       0.000   TIME= 00:00:00
 For array parameter _MYVGET_ the dimension number 1 is 0.  All          
 dimensions must be greater than zero.  The value is set to 1.           

 *** WARNING ***                         CP =       0.000   TIME= 00:00:00
 For array parameter _MYVGET_ the dimension number 1 is 0.  All          
 dimensions must be greater than zero.  The value is set to 1.           

 *** WARNING ***                         CP =       0.000   TIME= 00:00:00
 For array parameter _MYVGET_ the dimension number 1 is 0.  All          
 dimensions must be greater than zero.  The value is set to 1.           

 *** WARNING ***                         CP =       0.000   TIME= 00:00:00
 For array parameter _MYVGET_ the dimension number 1 is 0.  All          
 dimensions must be greater than zero.  The value is set to 1.           

 *** WARNING ***                         CP =       0.000   TIME= 00:00:00
 For array parameter _MYVGET_ the dimension number 1 is 0.  All          
 dimensions must be greater than zero.  The value is set to 1.           

 *** WARNING ***                         CP =       0.000   TIME= 00:00:00
 For array parameter _MYVGET_ the dimension number 1 is 0.  All          
 dimensions must be greater than zero.  The value is set to 1.           

 *** WARNING ***                         CP =       0.000   TIME= 00:00:00
 For array parameter _MYVGET_ the dimension number 1 is 0.  All          
 dimensions must be greater than zero.  The value is set to 1.           

 *** WARNING ***                         CP =       0.000   TIME= 00:00:00
 For array parameter _MYVGET_ the dimension number 1 is 0.  All          
 dimensions must be greater than zero.  The value is set to 1.           

 *** WARNING ***                         CP =       0.000   TIME= 00:00:00
 For array parameter _MYVGET_ the dimension number 1 is 0.  All          
 dimensions must be greater than zero.  The value is set to 1.           
