
 Ansys Mechanical Enterprise Academic Research     


 *------------------------------------------------------------------*
 |                                                                  |
 |   W E L C O M E   T O   T H E   A N S Y S (R)  P R O G R A M     |
 |                                                                  |
 *------------------------------------------------------------------*




 ***************************************************************
 *         ANSYS MAPDL 2024 R1          LEGAL NOTICES          *
 ***************************************************************
 *                                                             *
 * Copyright 1971-2024 Ansys, Inc.  All rights reserved.       *
 * Unauthorized use, distribution or duplication is            *
 * prohibited.                                                 *
 *                                                             *
 * Ansys is a registered trademark of Ansys, Inc. or its       *
 * subsidiaries in the United States or other countries.       *
 * See the Ansys, Inc. online documentation or the Ansys, Inc. *
 * documentation CD or online help for the complete Legal      *
 * Notice.                                                     *
 *                                                             *
 ***************************************************************
 *                                                             *
 * THIS ANSYS SOFTWARE PRODUCT AND PROGRAM DOCUMENTATION       *
 * INCLUDE TRADE SECRETS AND CONFIDENTIAL AND PROPRIETARY      *
 * PRODUCTS OF ANSYS, INC., ITS SUBSIDIARIES, OR LICENSORS.    *
 * The software products and documentation are furnished by    *
 * Ansys, Inc. or its subsidiaries under a software license    *
 * agreement that contains provisions concerning               *
 * non-disclosure, copying, length and nature of use,          *
 * compliance with exporting laws, warranties, disclaimers,    *
 * limitations of liability, and remedies, and other           *
 * provisions.  The software products and documentation may be *
 * used, disclosed, transferred, or copied only in accordance  *
 * with the terms and conditions of that software license      *
 * agreement.                                                  *
 *                                                             *
 * Ansys, Inc. is a UL registered                              *
 * ISO 9001:2015 company.                                      *
 *                                                             *
 ***************************************************************
 *                                                             *
 * This product is subject to U.S. laws governing export and   *
 * re-export.                                                  *
 *                                                             *
 * For U.S. Government users, except as specifically granted   *
 * by the Ansys, Inc. software license agreement, the use,     *
 * duplication, or disclosure by the United States Government  *
 * is subject to restrictions stated in the Ansys, Inc.        *
 * software license agreement and FAR 12.212 (for non-DOD      *
 * licenses).                                                  *
 *                                                             *
 ***************************************************************

 2024 R1 
     
 Point Releases and Patches installed:   
     
 Ansys, Inc. License Manager 2024 R1 
 Viewer 2024 R1  
 Discovery 2024 R1   
 SpaceClaim 2024 R1  
 Icepak (includes CFD-Post) 2024 R1  
 Fluids 2024 R1  
 Ansys Dynamic Reporting 2024 R1 
 CFD-Post only 2024 R1   
 CFX (includes CFD-Post) 2024 R1 
 Chemkin 2024 R1 
 EnSight 2024 R1 
 FENSAP-ICE 2024 R1  
 Fluent (includes CFD-Post) 2024 R1  
 Polyflow (includes CFD-Post) 2024 R1
 Forte (includes EnSight) 2024 R1
 ICEM CFD 2024 R1
 TurboGrid 2024 R1   
 ACIS Geometry Interface 2024 R1 
 AutoCAD Geometry Interface 2024 R1  
 Catia, Version 4 Geometry Interface 2024 R1 
 Catia, Version 5 Geometry Interface 2024 R1 
 Catia, Version 6 Geometry Interface 2024 R1 
 Creo Elements/Direct Modeling Geometry Interface 2024 R1
 Creo Parametric Geometry Interface 2024 R1  
 Inventor Geometry Interface 2024 R1 
 JTOpen Geometry Interface 2024 R1   
 NX Geometry Interface 2024 R1   
 Parasolid Geometry Interface  2024 R1   
 Solid Edge Geometry Interface 2024 R1   
 SOLIDWORKS Geometry Interface 2024 R1   
 Speos 2024 R1   
 Speos HPC 2024 R1   
 optiSLang 2024 R1   
 Remote Solve Manager Standalone Services 2024 R1
 Additive 2024 R1
 Aqwa 2024 R1
 Autodyn 2024 R1 
 Customization Files for User Programmable Features 2024 R1  
 LS-DYNA 2024 R1 
 Material Calibration App 2024 R1
 Mechanical Products 2024 R1 
 Motion 2024 R1  
 Sherlock 2024 R1
 Sound - SAS 2024 R1 


          *****  MAPDL COMMAND LINE ARGUMENTS  *****
  BATCH MODE REQUESTED (-b)    = NOLIST
  INPUT FILE COPY MODE (-c)    = COPY
  DISTRIBUTED MEMORY PARALLEL REQUESTED
       4 PARALLEL PROCESSES REQUESTED WITH SINGLE THREAD PER PROCESS
    TOTAL OF     4 CORES REQUESTED
  INPUT FILE NAME              = E:\School Vault\RIT\Research\Ansys\_ProjectScratch\Scr758F\dummy.dat
  OUTPUT FILE NAME             = E:\School Vault\RIT\Research\Ansys\_ProjectScratch\Scr758F\solve.out
  START-UP FILE MODE           = NOREAD
  STOP FILE MODE               = NOREAD

 RELEASE= 2024 R1              BUILD= 24.1      UP20231106   VERSION=WINDOWS x64 
 CURRENT JOBNAME=file0  19:40:45  MAR 31, 2025 CP=      0.078


 PARAMETER _DS_PROGRESS =     999.0000000    

 /INPUT FILE= ds.dat  LINE=       0



 *** NOTE ***                            CP =       0.109   TIME= 19:40:45
 The /CONFIG,NOELDB command is not valid in a distributed memory         
 parallel solution.  Command is ignored.                                 

 *GET  _WALLSTRT  FROM  ACTI  ITEM=TIME WALL  VALUE=  19.6791667    

 TITLE= 
 displacment--Static Structural (B5)                                           

  ACT Extensions:
      LSDYNA, 2024.1
      5f463412-bd3e-484b-87e7-cbc0a665e474, wbex
 /COM,     ANSYSMotion, 2024.1
      20180725-3f81-49eb-9f31-41364844c769, wbex
  

 SET PARAMETER DIMENSIONS ON  _WB_PROJECTSCRATCH_DIR
  TYPE=STRI  DIMENSIONS=      248        1        1

 PARAMETER _WB_PROJECTSCRATCH_DIR(1) = E:\School Vault\RIT\Research\Ansys\_ProjectScratch\Scr758F\

 SET PARAMETER DIMENSIONS ON  _WB_SOLVERFILES_DIR
  TYPE=STRI  DIMENSIONS=      248        1        1

 PARAMETER _WB_SOLVERFILES_DIR(1) = E:\School Vault\RIT\Research\Ansys\displacment_files\dp0\SYS\MECH\

 SET PARAMETER DIMENSIONS ON  _WB_USERFILES_DIR
  TYPE=STRI  DIMENSIONS=      248        1        1

 PARAMETER _WB_USERFILES_DIR(1) = E:\School Vault\RIT\Research\Ansys\displacment_files\user_files\
 --- Data in consistent uMKS units. See Solving Units in the help system for mor

 uMKS UNITS SPECIFIED FOR INTERNAL    
  LENGTH      = MICROMETERS (um)
  MASS        = KILOGRAM (kg)
  TIME        = SECONDS (sec)
  TEMPERATURE = CELSIUS (C)
  TOFFSET     = 273.0
  FORCE       = MICRONEWTON (uN)
  HEAT        = PICOJOULES (pJ)

 INPUT  UNITS ARE ALSO SET TO UMKS

 *** MAPDL - ENGINEERING ANALYSIS SYSTEM  RELEASE 2024 R1          24.1     ***
 Ansys Mechanical Enterprise Academic Research     
 00357663  VERSION=WINDOWS x64   19:40:45  MAR 31, 2025 CP=      0.109

 displacment--Static Structural (B5)                                           



          ***** MAPDL ANALYSIS DEFINITION (PREP7) *****
 *********** Nodes for the whole assembly ***********
 *********** Elements for Body 1 "Dynamic_Model_3D" ***********
 *********** Send User Defined Coordinate System(s) ***********
 *********** Set Reference Temperature ***********
 *********** Send Materials ***********
 ********* Frictionless Supports X *********
 ********* Frictionless Supports Y *********
 ******* Constant Zero Displacement Z *******


 ***** ROUTINE COMPLETED *****  CP =         0.125


 --- Number of total nodes = 44943
 --- Number of contact elements = 0
 --- Number of spring elements = 0
 --- Number of bearing elements = 0
 --- Number of solid elements = 21607
 --- Number of condensed parts = 0
 --- Number of total elements = 21607

 *GET  _WALLBSOL  FROM  ACTI  ITEM=TIME WALL  VALUE=  19.6794444    
 ****************************************************************************
 *************************    SOLUTION       ********************************
 ****************************************************************************

 *****  MAPDL SOLUTION ROUTINE  *****


 PERFORM A STATIC ANALYSIS
  THIS WILL BE A NEW ANALYSIS

 PARAMETER _THICKRATIO =     0.000000000    

 USE SPARSE MATRIX DIRECT SOLVER

 CONTACT INFORMATION PRINTOUT LEVEL       1

 CHECK INITIAL OPEN/CLOSED STATUS OF SELECTED CONTACT ELEMENTS
      AND LIST DETAILED CONTACT PAIR INFORMATION

 SPLIT CONTACT SURFACES AT SOLVE PHASE

    NUMBER OF SPLITTING TBD BY PROGRAM

 DO NOT COMBINE ELEMENT MATRIX FILES (.emat) AFTER DISTRIBUTED PARALLEL SOLUTION

 DO NOT COMBINE ELEMENT SAVE DATA FILES (.esav) AFTER DISTRIBUTED PARALLEL SOLUTION

 NLDIAG: Nonlinear diagnostics CONT option is set to ON. 
         Writing frequency : each ITERATION.

 DO NOT SAVE ANY RESTART FILES AT ALL
 ****************************************************
 ******************* SOLVE FOR LS 1 OF 1 ****************
 *** Set Displacements ***
 CMBLOCK read of NODE component _CM33UZ_ZP  completed

 SELECT      COMPONENT _CM33UZ_ZP                                                                                                                                                                                                                                                      

 SPECIFIED CONSTRAINT UZ   FOR SELECTED NODES            1 TO       44943 BY           1
 REAL=  1.20000000       IMAG=  0.00000000    
 CMBLOCK read of NODE component _CM43UZ_ZP  completed

 SELECT      COMPONENT _CM43UZ_ZP                                                                                                                                                                                                                                                      

 SPECIFIED CONSTRAINT UZ   FOR SELECTED NODES            1 TO       44943 BY           1
 REAL=  1.00000000       IMAG=  0.00000000    
 CMBLOCK read of NODE component _CM49UZ_ZP  completed

 SELECT      COMPONENT _CM49UZ_ZP                                                                                                                                                                                                                                                      

 SPECIFIED CONSTRAINT UZ   FOR SELECTED NODES            1 TO       44943 BY           1
 REAL=  2.00000000       IMAG=  0.00000000    
 CMBLOCK read of NODE component _CM51UZ_ZP  completed

 SELECT      COMPONENT _CM51UZ_ZP                                                                                                                                                                                                                                                      

 SPECIFIED CONSTRAINT UZ   FOR SELECTED NODES            1 TO       44943 BY           1
 REAL=  3.00000000       IMAG=  0.00000000    
 CMBLOCK read of NODE component _CM53UZ_ZP  completed

 SELECT      COMPONENT _CM53UZ_ZP                                                                                                                                                                                                                                                      

 SPECIFIED CONSTRAINT UZ   FOR SELECTED NODES            1 TO       44943 BY           1
 REAL=  3.50000000       IMAG=  0.00000000    
 CMBLOCK read of NODE component _CM59UZ_ZP  completed

 SELECT      COMPONENT _CM59UZ_ZP                                                                                                                                                                                                                                                      

 SPECIFIED CONSTRAINT UZ   FOR SELECTED NODES            1 TO       44943 BY           1
 REAL=  2.00000000       IMAG=  0.00000000    
 CMBLOCK read of NODE component _CM63UZ_ZP  completed

 SELECT      COMPONENT _CM63UZ_ZP                                                                                                                                                                                                                                                      

 SPECIFIED CONSTRAINT UZ   FOR SELECTED NODES            1 TO       44943 BY           1
 REAL=  2.30000000       IMAG=  0.00000000    
 CMBLOCK read of NODE component _CM67UZ_ZP  completed

 SELECT      COMPONENT _CM67UZ_ZP                                                                                                                                                                                                                                                      

 SPECIFIED CONSTRAINT UZ   FOR SELECTED NODES            1 TO       44943 BY           1
 REAL=  1.00000000       IMAG=  0.00000000    
 CMBLOCK read of NODE component _CM69UZ_ZP  completed

 SELECT      COMPONENT _CM69UZ_ZP                                                                                                                                                                                                                                                      

 SPECIFIED CONSTRAINT UZ   FOR SELECTED NODES            1 TO       44943 BY           1
 REAL=  1.00000000       IMAG=  0.00000000    
 CMBLOCK read of NODE component _CM71UZ_ZP  completed

 SELECT      COMPONENT _CM71UZ_ZP                                                                                                                                                                                                                                                      

 SPECIFIED CONSTRAINT UZ   FOR SELECTED NODES            1 TO       44943 BY           1
 REAL=  2.00000000       IMAG=  0.00000000    
 CMBLOCK read of NODE component _CM75UZ_ZP  completed

 SELECT      COMPONENT _CM75UZ_ZP                                                                                                                                                                                                                                                      

 SPECIFIED CONSTRAINT UZ   FOR SELECTED NODES            1 TO       44943 BY           1
 REAL=  3.50000000       IMAG=  0.00000000    
 CMBLOCK read of NODE component _CM81UZ_ZP  completed

 SELECT      COMPONENT _CM81UZ_ZP                                                                                                                                                                                                                                                      

 SPECIFIED CONSTRAINT UZ   FOR SELECTED NODES            1 TO       44943 BY           1
 REAL= 0.800000000       IMAG=  0.00000000    
 CMBLOCK read of NODE component _CM83UZ_ZP  completed

 SELECT      COMPONENT _CM83UZ_ZP                                                                                                                                                                                                                                                      

 SPECIFIED CONSTRAINT UZ   FOR SELECTED NODES            1 TO       44943 BY           1
 REAL=  3.10000000       IMAG=  0.00000000    
 CMBLOCK read of NODE component _CM85UZ_ZP  completed

 SELECT      COMPONENT _CM85UZ_ZP                                                                                                                                                                                                                                                      

 SPECIFIED CONSTRAINT UZ   FOR SELECTED NODES            1 TO       44943 BY           1
 REAL=  2.39000000       IMAG=  0.00000000    

 ALL SELECT   FOR ITEM=NODE COMPONENT=    
  IN RANGE         1 TO      44943 STEP          1

      44943  NODES (OF      44943  DEFINED) SELECTED BY NSEL  COMMAND.
 *** Component For All Non-Zero UZ Displacements ***

 SELECT      COMPONENT _CM33UZ_ZP                                                                                                                                                                                                                                                      

 ALSO SELECT COMPONENT _CM43UZ_ZP                                                                                                                                                                                                                                                      

 ALSO SELECT COMPONENT _CM49UZ_ZP                                                                                                                                                                                                                                                      

 ALSO SELECT COMPONENT _CM51UZ_ZP                                                                                                                                                                                                                                                      

 ALSO SELECT COMPONENT _CM53UZ_ZP                                                                                                                                                                                                                                                      

 ALSO SELECT COMPONENT _CM59UZ_ZP                                                                                                                                                                                                                                                      

 ALSO SELECT COMPONENT _CM63UZ_ZP                                                                                                                                                                                                                                                      

 ALSO SELECT COMPONENT _CM67UZ_ZP                                                                                                                                                                                                                                                      

 ALSO SELECT COMPONENT _CM69UZ_ZP                                                                                                                                                                                                                                                      

 ALSO SELECT COMPONENT _CM71UZ_ZP                                                                                                                                                                                                                                                      

 ALSO SELECT COMPONENT _CM75UZ_ZP                                                                                                                                                                                                                                                      

 ALSO SELECT COMPONENT _CM81UZ_ZP                                                                                                                                                                                                                                                      

 ALSO SELECT COMPONENT _CM83UZ_ZP                                                                                                                                                                                                                                                      

 ALSO SELECT COMPONENT _CM85UZ_ZP                                                                                                                                                                                                                                                      

 DEFINITION OF COMPONENT = _DISPNONZEROUZ  ENTITY=NODE

 ALL SELECT   FOR ITEM=NODE COMPONENT=    
  IN RANGE         1 TO      44943 STEP          1

      44943  NODES (OF      44943  DEFINED) SELECTED BY NSEL  COMMAND.

 PRINTOUT RESUMED BY /GOP

 USE       1 SUBSTEPS INITIALLY THIS LOAD STEP FOR ALL  DEGREES OF FREEDOM
 FOR AUTOMATIC TIME STEPPING:
   USE      1 SUBSTEPS AS A MAXIMUM
   USE      1 SUBSTEPS AS A MINIMUM

 TIME=  1.0000    

 ERASE THE CURRENT DATABASE OUTPUT CONTROL TABLE.


 WRITE ALL  ITEMS TO THE DATABASE WITH A FREQUENCY OF NONE
   FOR ALL APPLICABLE ENTITIES

 WRITE NSOL ITEMS TO THE DATABASE WITH A FREQUENCY OF ALL 
   FOR ALL APPLICABLE ENTITIES

 WRITE RSOL ITEMS TO THE DATABASE WITH A FREQUENCY OF ALL 
   FOR ALL APPLICABLE ENTITIES

 WRITE EANG ITEMS TO THE DATABASE WITH A FREQUENCY OF ALL 
   FOR ALL APPLICABLE ENTITIES

 WRITE ETMP ITEMS TO THE DATABASE WITH A FREQUENCY OF ALL 
   FOR ALL APPLICABLE ENTITIES

 WRITE VENG ITEMS TO THE DATABASE WITH A FREQUENCY OF ALL 
   FOR ALL APPLICABLE ENTITIES

 WRITE STRS ITEMS TO THE DATABASE WITH A FREQUENCY OF ALL 
   FOR ALL APPLICABLE ENTITIES

 WRITE EPEL ITEMS TO THE DATABASE WITH A FREQUENCY OF ALL 
   FOR ALL APPLICABLE ENTITIES

 WRITE EPPL ITEMS TO THE DATABASE WITH A FREQUENCY OF ALL 
   FOR ALL APPLICABLE ENTITIES

 WRITE CONT ITEMS TO THE DATABASE WITH A FREQUENCY OF ALL 
   FOR ALL APPLICABLE ENTITIES

 FINISH SOLUTION PROCESSING


 ***** ROUTINE COMPLETED *****  CP =         0.141



 *** MAPDL - ENGINEERING ANALYSIS SYSTEM  RELEASE 2024 R1          24.1     ***
 Ansys Mechanical Enterprise Academic Research     
 00357663  VERSION=WINDOWS x64   19:40:46  MAR 31, 2025 CP=      0.141

 displacment--Static Structural (B5)                                           



          ***** MAPDL ANALYSIS DEFINITION (PREP7) *****

 PARAMETER P1 =     0.000000000    

 PARAMETER P2 =     1.335455000    

 PARAMETER P3 =     2.679309000    

 PARAMETER P4 =     2.783200000    

 PARAMETER P5 =     0.000000000    

 PARAMETER P6 =     1.714175000    

 PARAMETER P7 =     1.559552000    

 PARAMETER P8 =     2.262096000    

 PARAMETER P9 =     2.482777000    

 PARAMETER P10 =     2.641403000    

 PARAMETER P11 =    0.9660880000    

 PARAMETER P12 =     2.378959000    

 PARAMETER P13 =     2.292843000    

 PARAMETER P14 =    0.5691410000    

 PARAMETER P15 =    0.4164920000    

 PARAMETER P16 =     1.744274000    

 PARAMETER P17 =     3.359104000    

 PARAMETER P18 =     1.191350000    

 PARAMETER P19 =     2.048437000    

 PARAMETER P20 =    0.7833420000    

 PARAMETER P21 =     0.000000000    

 PARAMETER P22 =    0.8928330000    

 PARAMETER P23 =     1.770850000    

 PARAMETER P24 =     2.446769000    

 PARAMETER P25 =     0.000000000    


 ***** ROUTINE COMPLETED *****  CP =         0.141



 *****  MAPDL SOLUTION ROUTINE  *****

 *** NOTE ***                            CP =       0.141   TIME= 19:40:46
 The automatic domain decomposition logic has selected the MESH domain   
 decomposition method with 4 processes per solution.                     

 *****  MAPDL SOLVE    COMMAND  *****

 *** WARNING ***                         CP =       0.156   TIME= 19:40:46
 Element shape checking is currently inactive.  Issue SHPP,ON or         
 SHPP,WARN to reactivate, if desired.                                    

 *** NOTE ***                            CP =       0.156   TIME= 19:40:46
 The model data was checked and warning messages were found.             
  Please review output or errors file ( E:\School                        
 Vault\RIT\Research\Ansys\_ProjectScratch\Scr758F\file0.err ) for these  
 warning messages.                                                       

 *** SELECTION OF ELEMENT TECHNOLOGIES FOR APPLICABLE ELEMENTS ***
      --- GIVE SUGGESTIONS AND RESET THE KEY OPTIONS ---

 ELEMENT TYPE         1 IS SOLID187. IT IS NOT ASSOCIATED WITH FULLY INCOMPRESSIBLE
 HYPERELASTIC MATERIALS. NO SUGGESTION IS AVAILABLE AND NO RESETTING IS NEEDED.



 *** MAPDL - ENGINEERING ANALYSIS SYSTEM  RELEASE 2024 R1          24.1     ***
 Ansys Mechanical Enterprise Academic Research     
 00357663  VERSION=WINDOWS x64   19:40:46  MAR 31, 2025 CP=      0.156

 displacment--Static Structural (B5)                                           



                       S O L U T I O N   O P T I O N S

   PROBLEM DIMENSIONALITY. . . . . . . . . . . . .3-D                  
   DEGREES OF FREEDOM. . . . . . UX   UY   UZ  
   ANALYSIS TYPE . . . . . . . . . . . . . . . . .STATIC (STEADY-STATE)
   OFFSET TEMPERATURE FROM ABSOLUTE ZERO . . . . .  273.15    
   EQUATION SOLVER OPTION. . . . . . . . . . . . .SPARSE             
   GLOBALLY ASSEMBLED MATRIX . . . . . . . . . . .SYMMETRIC  

 *** NOTE ***                            CP =       0.156   TIME= 19:40:46
 The conditions for direct assembly have been met.  No .emat or .erot    
 files will be produced.                                                 

  
  
     D I S T R I B U T E D   D O M A I N   D E C O M P O S E R
  
  ...Number of elements: 21607
  ...Number of nodes:    44943
  ...Decompose to 4 CPU domains
  ...Element load balance ratio =     1.000


                      L O A D   S T E P   O P T I O N S

   LOAD STEP NUMBER. . . . . . . . . . . . . . . .     1
   TIME AT END OF THE LOAD STEP. . . . . . . . . .  1.0000    
   NUMBER OF SUBSTEPS. . . . . . . . . . . . . . .     1
   STEP CHANGE BOUNDARY CONDITIONS . . . . . . . .    NO
   PRINT OUTPUT CONTROLS . . . . . . . . . . . . .NO PRINTOUT
   DATABASE OUTPUT CONTROLS
      ITEM     FREQUENCY   COMPONENT
       ALL       NONE               
      NSOL        ALL               
      RSOL        ALL               
      EANG        ALL               
      ETMP        ALL               
      VENG        ALL               
      STRS        ALL               
      EPEL        ALL               
      EPPL        ALL               
      CONT        ALL               


 SOLUTION MONITORING INFO IS WRITTEN TO FILE= file.mntr                                                                                                                                                                                                                                                           



                         ***********  PRECISE MASS SUMMARY  ***********

   TOTAL RIGID BODY MASS MATRIX ABOUT ORIGIN
               Translational mass               |   Coupled translational/rotational mass
        0.38862E-05    0.0000        0.0000     |     0.0000       0.48578E-04  -0.85497E-02
         0.0000       0.38862E-05    0.0000     |   -0.48578E-04    0.0000       0.85497E-02
         0.0000        0.0000       0.38862E-05 |    0.85497E-02  -0.85497E-02    0.0000    
     ------------------------------------------ | ------------------------------------------
                                                |         Rotational mass (inertia)
                                                |     25.223       -18.809      -0.10687    
                                                |    -18.809        25.223      -0.10687    
                                                |   -0.10687      -0.10687        50.445    

   TOTAL MASS = 0.38862E-05
     The mass principal axes coincide with the global Cartesian axes

   CENTER OF MASS (X,Y,Z)=    2200.0        2200.0        12.500    

   TOTAL INERTIA ABOUT CENTER OF MASS
         6.4133      -0.10658E-13  -0.54123E-15
       -0.10658E-13    6.4133       0.16653E-15
       -0.54123E-15   0.16653E-15    12.826    
     The inertia principal axes coincide with the global Cartesian axes


  *** MASS SUMMARY BY ELEMENT TYPE ***

  TYPE      MASS
     1  0.388624E-05

 Range of element maximum matrix coefficients in global coordinates
 Maximum = 110428375 at element 21588.                                   
 Minimum = 4461210.36 at element 13133.                                  

   *** ELEMENT MATRIX FORMULATION TIMES
     TYPE    NUMBER   ENAME      TOTAL CP  AVE CP

        1     21607  SOLID187      0.109   0.000005
 Time at end of element matrix formulation CP = 0.1875.                  

 DISTRIBUTED SPARSE MATRIX DIRECT SOLVER.
  Number of equations =      133710,    Maximum wavefront =    204

  Process memory allocated for solver              =   147.635 MB
  Process memory required for in-core solution     =   141.619 MB
  Process memory required for out-of-core solution =    63.383 MB

  Total memory allocated for solver                =   570.588 MB
  Total memory required for in-core solution       =   547.403 MB
  Total memory required for out-of-core solution   =   247.102 MB

 *** NOTE ***                            CP =       0.281   TIME= 19:40:46
 The Distributed Sparse Matrix Solver is currently running in the        
 in-core memory mode.  This memory mode uses the most amount of memory   
 in order to avoid using the hard drive as much as possible, which most  
 often results in the fastest solution time.  This mode is recommended   
 if enough physical memory is present to accommodate all of the solver   
 data.                                                                   
 curEqn=  34434  totEqn=  34434 Job CP sec=      0.359
      Factor Done= 100% Factor Wall sec=      0.190 rate=      31.7 GFlops
 Distributed sparse solver maximum pivot= 124840605 at node 38261 UZ.    
 Distributed sparse solver minimum pivot= 8018.46822 at node 258 UZ.     
 Distributed sparse solver minimum pivot in absolute value= 8018.46822   
 at node 258 UZ.                                                         

   *** ELEMENT RESULT CALCULATION TIMES
     TYPE    NUMBER   ENAME      TOTAL CP  AVE CP

        1     21607  SOLID187      0.125   0.000006

   *** NODAL LOAD CALCULATION TIMES
     TYPE    NUMBER   ENAME      TOTAL CP  AVE CP

        1     21607  SOLID187      0.000   0.000000
 *** LOAD STEP     1   SUBSTEP     1  COMPLETED.    CUM ITER =      1
 *** TIME =   1.00000         TIME INC =   1.00000      NEW TRIANG MATRIX


 *** MAPDL BINARY FILE STATISTICS
  BUFFER SIZE USED= 16384
       15.688 MB WRITTEN ON ASSEMBLED MATRIX FILE: file0.full
        4.125 MB WRITTEN ON RESULTS FILE: file0.rst

 FINISH SOLUTION PROCESSING


 ***** ROUTINE COMPLETED *****  CP =         0.375



 *** MAPDL - ENGINEERING ANALYSIS SYSTEM  RELEASE 2024 R1          24.1     ***
 Ansys Mechanical Enterprise Academic Research     
 00357663  VERSION=WINDOWS x64   19:40:47  MAR 31, 2025 CP=      0.375

 displacment--Static Structural (B5)                                           



          ***** MAPDL RESULTS INTERPRETATION (POST1) *****

 *** NOTE ***                            CP =       0.375   TIME= 19:40:47
 Reading results into the database (SET command) will update the current 
 displacement and force boundary conditions in the database with the     
 values from the results file for that load set.  Note that any          
 subsequent solutions will use these values unless action is taken to    
 either SAVE the current values or not overwrite them (/EXIT,NOSAVE).    


 USE LAST SUBSTEP ON RESULT FILE  FOR LOAD CASE 0 

 SET COMMAND GOT LOAD STEP=     1  SUBSTEP=     1  CUMULATIVE ITERATION=     1
   TIME/FREQUENCY=  1.0000    
 TITLE= displacment--Static Structural (B5)                                     

 *GET  NUMNODES  FROM  NODE  ITEM=COUN       VALUE=  44943.0000     

 SET PARAMETER DIMENSIONS ON  UZ_VALUES
  TYPE=ARRA  DIMENSIONS=    44943        1        1

 *DO LOOP ON PARAMETER= I FROM  1.0000     TO  44943.     BY  1.0000    

 *** ERROR ***                           CP =       0.422   TIME= 19:40:47
 Unknown label in field 5 ( ) of *GET command.                           
  Line= *GET, nodeID, NODE, i                                            
  The *GET command is ignored.                                           


 NUMBER OF WARNING MESSAGES ENCOUNTERED=          1
 NUMBER OF ERROR   MESSAGES ENCOUNTERED=          1

+--------------------- M A P D L   S T A T I S T I C S ------------------------+

Release: 2024 R1            Build: 24.1       Update: UP20231106   Platform: WINDOWS x64 
Date Run: 03/31/2025   Time: 19:40     Process ID: 23648
Operating System: Windows 11  (Build: 22631)

Processor Model: 13th Gen Intel(R) Core(TM) i7-13700

Compiler: Intel(R) Fortran Compiler Classic Version 2021.9  (Build: 20230302)
          Intel(R) C/C++ Compiler Classic Version 2021.9  (Build: 20230302)
          Intel(R) Math Kernel Library Version 2020.0.0 Product Build 20191125
          BLAS Library supplied by Intel(R) MKL

Number of machines requested            :    1
Total number of cores available         :   24
Number of physical cores available      :   16
Number of processes requested           :    4
Number of threads per process requested :    1
Total number of cores requested         :    4 (Distributed Memory Parallel)               
MPI Type: INTELMPI
MPI Version: Intel(R) MPI Library 2021.10 for Windows* OS


GPU Acceleration: Not Requested

Job Name: file0
Input File: dummy.dat

  Core                Machine Name   Working Directory
 -----------------------------------------------------
     0                 GAN-A191-09   E:\School Vault\RIT\Research\Ansys\_ProjectScratch\Scr758F
     1                 GAN-A191-09   E:\School Vault\RIT\Research\Ansys\_ProjectScratch\Scr758F
     2                 GAN-A191-09   E:\School Vault\RIT\Research\Ansys\_ProjectScratch\Scr758F
     3                 GAN-A191-09   E:\School Vault\RIT\Research\Ansys\_ProjectScratch\Scr758F
 
Latency time from master to core     1 =    1.246 microseconds
Latency time from master to core     2 =    1.477 microseconds
Latency time from master to core     3 =    1.197 microseconds
 
Communication speed from master to core     1 = 14525.38 MB/sec
Communication speed from master to core     2 = 14156.03 MB/sec
Communication speed from master to core     3 = 15560.57 MB/sec

Total CPU time for main thread                    :        0.4 seconds
Total CPU time summed for all threads             :        0.4 seconds

Elapsed time spent obtaining a license            :        0.3 seconds
Elapsed time spent pre-processing model (/PREP7)  :        0.1 seconds
Elapsed time spent solution - preprocessing       :        0.1 seconds
Elapsed time spent computing solution             :        0.8 seconds
Elapsed time spent solution - postprocessing      :        0.0 seconds
Elapsed time spent post-processing model (/POST1) :        0.0 seconds
 
Equation solver used                              :            Sparse (symmetric)
Equation solver computational rate                :      118.6 Gflops

Sum of disk space used on all processes           :      103.2 MB

Sum of memory used on all processes               :      778.0 MB
Sum of memory allocated on all processes          :     3252.0 MB
Physical memory available                         :         16 GB
Total amount of I/O written to disk               :        0.0 GB
Total amount of I/O read from disk                :        0.0 GB

+------------------ E N D   M A P D L   S T A T I S T I C S -------------------+


 *-----------------------------------------------------------------------------*
 |                                                                             |
 |                               RUN COMPLETED                                 |
 |                                                                             |
 |-----------------------------------------------------------------------------|
 |                                                                             |
 |  Ansys MAPDL 2024 R1         Build 24.1         UP20231106    WINDOWS x64   |
 |                                                                             |
 |-----------------------------------------------------------------------------|
 |                                                                             |
 |  Database Requested(-db)     1024 MB     Scratch Memory Requested   1024 MB |
 |  Max Database Used(Master)     52 MB     Max Scratch Used(Master)    194 MB |
 |  Max Database Used(Workers)     1 MB     Max Scratch Used(Workers)   185 MB |
 |  Sum Database Used(All)        55 MB     Sum Scratch Used(All)       723 MB |
 |                                                                             |
 |-----------------------------------------------------------------------------|
 |                                                                             |
 |        CP Time      (sec) =          0.422       Time  =  19:40:47          |
 |        Elapsed Time (sec) =          3.000       Date  =  03/31/2025        |
 |                                                                             |
 *-----------------------------------------------------------------------------*
